
================================================================================
DrugBAN 数据增强与标签生成流程
================================================================================
开始时间: 2025-06-08 23:49:23
原始缓存目录: /home/work/workspace/shi_shaoqun/snap/DrugBAN-main/cached_graphs
增强缓存目录: /home/work/workspace/shi_shaoqun/snap/DrugBAN-main/data/augmented/graphs/20250608_234608
原始标签文件: /home/work/workspace/shi_shaoqun/snap/3D_structure/bindingdb/train_csv/labels.csv
训练标签文件: /home/work/workspace/shi_shaoqun/snap/3D_structure/bindingdb/train_csv/train_stratified.csv
验证标签文件: /home/work/workspace/shi_shaoqun/snap/3D_structure/bindingdb/train_csv/val_stratified.csv
测试标签文件: /home/work/workspace/shi_shaoqun/snap/3D_structure/bindingdb/train_csv/test_stratified.csv
增强标签目录: /home/work/workspace/shi_shaoqun/snap/DrugBAN-main/data/augmented/labels/20250608_234608
是否增强测试集: 否
================================================================================

步骤1：执行数据增强...
读取标签文件: /home/work/workspace/shi_shaoqun/snap/3D_structure/bindingdb/train_csv/labels.csv
总样本数: 10436, 正样本数: 3369 (32.28%), 负样本数: 7067 (67.72%)
使用的增强类型: ['gentle_rotate', 'thermal_vibration', 'bond_flexibility', 'smart_combined']
正样本增强数量: 每个样本1次
负样本增强数量: 每个样本0次

数据增强完成! 耗时: 218.52秒
成功: 10398/10436 (99.64%)
失败记录已保存到 /home/work/workspace/shi_shaoqun/snap/DrugBAN-main/data/augmented/graphs/20250608_234608/augment_failures.txt
生成的文件总数: 15461
  原始文件数: 10398
  增强文件数: 5063
预期增强后样本总数: 15490
  预期正样本数: 8422 (54.38%)
  预期负样本数: 7067 (45.62%)
注意: 使用渐进式增强策略，实际数量可能略有差异

================================================================================
步骤2：为增强数据生成标签文件...
读取原始标签文件: /home/work/workspace/shi_shaoqun/snap/3D_structure/bindingdb/train_csv/labels.csv
原始标签文件包含 10436 条记录
使用预划分的测试集标签文件: /home/work/workspace/shi_shaoqun/snap/3D_structure/bindingdb/train_csv/test_stratified.csv
测试集包含 1044 条记录
测试集正样本率: 32.28%
正在从缓存目录 /home/work/workspace/shi_shaoqun/snap/DrugBAN-main/data/augmented/graphs/20250608_234608 中读取增强数据...
找到 15461 个缓存文件
从缓存文件中提取标签信息...
增强标签已保存至 /home/work/workspace/shi_shaoqun/snap/DrugBAN-main/data/augmented/labels/20250608_234608/augmented_labels.csv，包含 15461 条记录
正样本: 8423 (54.48%), 负样本: 7038 (45.52%)
数据集划分: 训练集 7955 分子, 验证集 1404 分子, 测试集 1044 分子
验证集当前正样本率: 52.28%, 目标正样本率: 32.28%
调整验证集: 从1065个正样本中抽样463个
调整后验证集正样本率: 32.26%
训练标签已保存至 /home/work/workspace/shi_shaoqun/snap/DrugBAN-main/data/augmented/labels/20250608_234608/train_augmented.csv，包含 11872 条记录
验证标签已保存至 /home/work/workspace/shi_shaoqun/snap/DrugBAN-main/data/augmented/labels/20250608_234608/valid_augmented.csv，包含 1435 条记录
测试标签已保存至 /home/work/workspace/shi_shaoqun/snap/DrugBAN-main/data/augmented/labels/20250608_234608/test_augmented.csv，包含 1044 条记录
训练集: 总样本 11872, 正样本率 54.83%
验证集: 总样本 1435, 正样本率 32.26%
测试集: 总样本 1044, 正样本率 32.28%

================================================================================
数据增强与标签生成完成!
增强后的缓存文件保存在: /home/work/workspace/shi_shaoqun/snap/DrugBAN-main/data/augmented/graphs/20250608_234608
增强后的标签文件保存在: /home/work/workspace/shi_shaoqun/snap/DrugBAN-main/data/augmented/labels/20250608_234608
结束时间: 2025-06-08 23:53:19
================================================================================

=== 详细配置信息 ===
配置文件: result/DrugBAN3D_refined_augment_20250608_234608/config/DrugBAN3D_augmented_20250608_234608.yaml
训练数据: /home/work/workspace/shi_shaoqun/snap/DrugBAN-main/data/augmented/labels/20250608_234608/train_augmented.csv
验证数据: /home/work/workspace/shi_shaoqun/snap/DrugBAN-main/data/augmented/labels/20250608_234608/valid_augmented.csv
测试数据: /home/work/workspace/shi_shaoqun/snap/3D_structure/bindingdb/train_csv/test_stratified.csv
缓存目录: /home/work/workspace/shi_shaoqun/snap/DrugBAN-main/data/augmented/graphs/20250608_234608
结果目录: result/DrugBAN3D_refined_augment_20250608_234608

=== 完整配置参数详览 ===
📋 训练参数 (TRAIN):
  TRAIN:
    D_LEARNING_RATE: 0.0004   # 最优判别器学习率
    G_LEARNING_RATE: 0.0002   # 最优生成器学习率
    BATCH_SIZE: 48  # 最佳batch size，经验证比64更稳定
    D_STEPS_PER_G_STEP: 1
    RESUME_CHECKPOINT: ""
    EPOCH: 100  # 充足的训练轮数
    GRADIENT_ACCUMULATE_STEPS: 2  # 梯度累积，有效batch size = 48*2 = 96
    GRADIENT_CLIP_NORM: 1.0  # 梯度裁剪阈值
    WEIGHT_DECAY: 0.0004  # 最优权重衰减，避免过拟合
    LABEL_SMOOTHING: 0.05  # 标签平滑参数
    POS_WEIGHT: 1.05  # 轻微的正样本权重，平衡类别

🏗️ GNN配置:
  GNN:
    HIDDEN_DIM: 384  # 最优GNN隐藏维度
    NUM_LAYERS: 4    # 最优GNN层数
  
  BCN:
    HEADS: 8  # 最优注意力头数量

🔧 解码器配置:
  DECODER:
    IN_DIM: 384
    HIDDEN_DIM: 512  # 最优解码器隐藏维度
    OUT_DIM: 128  # 最优解码器输出维度
    BINARY: 1
    DROPOUT: 0.3  # 最优Dropout率，平衡过拟合和欠拟合
  
  ADAPT:
    LAMBDA: 0.1

📊 损失函数配置:
  USE_BIAS_CORRECTION: True  # 启用偏置校正，提升模型稳定性
  USE_FOCAL_LOSS: True  # 使用焦点损失处理类别不平衡
  FOCAL_LOSS_GAMMA: 1.0  # 最优gamma值，温和的焦点损失
  FOCAL_LOSS_ALPHA: 0.3  # 最优alpha值，平衡正负样本

🌐 3D空间特征配置:
  SPATIAL_3D:
    ENABLE_SPATIAL_FUSION: true      # 启用3D空间感知特征融合 - 重要性能提升
    ENABLE_MULTISCALE: true          # 启用多尺度特征提取 - 捕获不同距离的相互作用
    DISTANCE_SCALES: [2.0, 5.0, 8.0]  # 最优多尺度距离阈值(Å)
    SPATIAL_DROPOUT: 0.1             # 最优空间模块Dropout率
    CROSS_ATTENTION_HEADS: 8         # 最优交叉注意力头数
  
  # 损失函数配置 - 最优设置
  USE_FOCAL_LOSS: True  # 使用焦点损失处理类别不平衡

⚙️ 求解器配置:
  SOLVER:
    MAX_EPOCH: 100  # 充足的训练轮数
    BATCH_SIZE: 48  # 最优batch size，与TRAIN部分保持一致
    USE_MIXED_PRECISION: False  # 不使用混合精度训练，保持稳定性
    LR_SCHEDULER: True
    LR_SCHEDULER_TYPE: "plateau"  # 最优学习率调度器
    LR_WARMUP_EPOCHS: 4  # 最优学习率预热轮数
    GRADIENT_CLIP_NORM: 1.0  # 梯度裁剪阈值
    SEED: 42  # 固定随机种子保证可重现性
  
  RESULT:

⏹️ 早停配置:
  USE_EARLY_STOPPING: True
  EARLY_STOPPING_PATIENCE: 15  # 最优早停耐心值，避免过早停止

=========================

训练开始时间: 2025年 06月 08日 星期日 23:53:54 CST
使用命令行指定的输出目录: result/DrugBAN3D_refined_augment_20250608_234608
已保存当前配置到 result/DrugBAN3D_refined_augment_20250608_234608/config/config_used.yaml
配置文件: result/DrugBAN3D_refined_augment_20250608_234608/config/DrugBAN3D_augmented_20250608_234608.yaml
输出目录: result/DrugBAN3D_refined_augment_20250608_234608
运行设备: cuda
数据加载器使用 16 个工作线程
使用分层采样的预划分数据集
数据集: 训练集 11872 样本, 验证集 1435 样本, 测试集 1044 样本
正样本比例: 训练集 54.83%, 验证集 32.26%, 测试集 32.28%
使用增强数据集进行训练...
加载标签文件: /home/work/workspace/shi_shaoqun/snap/DrugBAN-main/data/augmented/labels/20250608_234608/train_augmented.csv, 包含 11872 条记录
找到 11872/11872 个对应的缓存文件
数据集初始化完成，总样本数: 11872
训练/验证 数据集初始化完成: 11872 个样本
创建数据加载器成功: 预期 248 批次，批次大小 48
加载标签文件: /home/work/workspace/shi_shaoqun/snap/DrugBAN-main/data/augmented/labels/20250608_234608/valid_augmented.csv, 包含 1435 条记录
找到 1435/1435 个对应的缓存文件
数据集初始化完成，总样本数: 1435
训练/验证 数据集初始化完成: 1435 个样本
创建数据加载器成功: 预期 30 批次，批次大小 48
测试模式: 使用原始测试数据
测试标签文件: /home/work/workspace/shi_shaoqun/snap/3D_structure/bindingdb/train_csv/test_stratified.csv
缓存目录: /home/work/workspace/shi_shaoqun/snap/DrugBAN-main/cached_graphs
测试标签文件包含 1044 条记录
测试集标签分布: 正样本 337 (32.28%), 负样本 707 (67.72%)
读取测试标签文件: /home/work/workspace/shi_shaoqun/snap/3D_structure/bindingdb/train_csv/test_stratified.csv, 包含 1044 条记录
成功创建测试标签映射，包含 2088 个条目
测试模式：从标签文件获取 2088 个复合物ID
测试模式：只处理标签文件中的 2088 个样本
在缓存目录中找到 1039/2088 个测试样本缓存文件
数据集初始化完成，总样本数: 1039
测试 数据集初始化完成: 1039 个样本
创建数据加载器成功: 预期 22 批次，批次大小 48

==================================================
DrugBAN3D初始化 - 偏差校正模块: 启用
Dropout率: 0.3
GNN层数: 4
==================================================

优化器: Adam, 学习率: 0.0002, L2正则化强度: 0.0004
启用标签平滑，参数值: 0.05
启用类别加权，正样本权重: 1.050
启用梯度裁剪，阈值：1.0
使用state_dict保存模型，避免完整对象复制
使用plateau学习率调度器
运行设备: cuda
启用标签平滑，参数值: 0.05
启用类别加权，正样本权重: 1.0499999523162842
使用ReduceLROnPlateau学习率调度器，监控验证集AUROC
开始训练...
批次 0: 正样本 29, 负样本 19
批次 100: 正样本 25, 负样本 23
批次 200: 正样本 24, 负样本 24
本轮训练: 正样本 78 (54.17%), 负样本 66 (45.83%)
验证数据集大小: 30 批次
开始进行val评估...
处理批次 0/30, 累计样本数: 48, 批次损失: 0.7423
处理批次 1/30, 累计样本数: 96, 批次损失: 2.6865
处理批次 2/30, 累计样本数: 144, 批次损失: 1.0139
处理批次 3/30, 累计样本数: 192, 批次损失: 0.7792
处理批次 4/30, 累计样本数: 240, 批次损失: 0.6802
测试完成: 处理了 30/30 批次, 1435 个样本
错误批次数: 0
预测标签统计: 正样本数=463, 负样本数=972
成功计算评估指标: AUROC=0.7008, AUPRC=0.4993
当前学习率: 0.000200
保存最佳模型（轮次 1）到 result/DrugBAN3D_refined_augment_20250608_234608/best_model.pth
Epoch 1/100 - 训练损失: 2.2373 - 验证AUROC: 0.7008 - 验证AUPRC: 0.4993
批次 0: 正样本 24, 负样本 24
批次 100: 正样本 21, 负样本 27
批次 200: 正样本 23, 负样本 25
本轮训练: 正样本 68 (47.22%), 负样本 76 (52.78%)
验证数据集大小: 30 批次
开始进行val评估...
处理批次 0/30, 累计样本数: 48, 批次损失: 0.9273
处理批次 1/30, 累计样本数: 96, 批次损失: 2.6622
处理批次 2/30, 累计样本数: 144, 批次损失: 2.9002
处理批次 3/30, 累计样本数: 192, 批次损失: 0.9677
处理批次 4/30, 累计样本数: 240, 批次损失: 0.8495
测试完成: 处理了 30/30 批次, 1435 个样本
错误批次数: 0
预测标签统计: 正样本数=463, 负样本数=972
成功计算评估指标: AUROC=0.7257, AUPRC=0.5185
当前学习率: 0.000200
保存最佳模型（轮次 2）到 result/DrugBAN3D_refined_augment_20250608_234608/best_model.pth
Epoch 2/100 - 训练损失: 1.4268 - 验证AUROC: 0.7257 - 验证AUPRC: 0.5185
批次 0: 正样本 24, 负样本 24
批次 100: 正样本 26, 负样本 22
批次 200: 正样本 26, 负样本 22
本轮训练: 正样本 76 (52.78%), 负样本 68 (47.22%)
验证数据集大小: 30 批次
开始进行val评估...
处理批次 0/30, 累计样本数: 48, 批次损失: 0.9698
处理批次 1/30, 累计样本数: 96, 批次损失: 0.8918
处理批次 2/30, 累计样本数: 144, 批次损失: 2.8544
处理批次 3/30, 累计样本数: 192, 批次损失: 1.0456
处理批次 4/30, 累计样本数: 240, 批次损失: 0.9366
测试完成: 处理了 30/30 批次, 1435 个样本
错误批次数: 0
预测标签统计: 正样本数=463, 负样本数=972
成功计算评估指标: AUROC=0.7364, AUPRC=0.5433
当前学习率: 0.000200
保存最佳模型（轮次 3）到 result/DrugBAN3D_refined_augment_20250608_234608/best_model.pth
Epoch 3/100 - 训练损失: 1.3291 - 验证AUROC: 0.7364 - 验证AUPRC: 0.5433
批次 0: 正样本 31, 负样本 17
批次 100: 正样本 29, 负样本 19
批次 200: 正样本 27, 负样本 21
本轮训练: 正样本 87 (60.42%), 负样本 57 (39.58%)
验证数据集大小: 30 批次
开始进行val评估...
处理批次 0/30, 累计样本数: 48, 批次损失: 0.9823
处理批次 1/30, 累计样本数: 96, 批次损失: 2.9205
处理批次 2/30, 累计样本数: 144, 批次损失: 1.1522
处理批次 3/30, 累计样本数: 192, 批次损失: 1.3892
处理批次 4/30, 累计样本数: 240, 批次损失: 0.9717
测试完成: 处理了 30/30 批次, 1435 个样本
错误批次数: 0
预测标签统计: 正样本数=463, 负样本数=972
成功计算评估指标: AUROC=0.7544, AUPRC=0.5518
当前学习率: 0.000200
保存最佳模型（轮次 4）到 result/DrugBAN3D_refined_augment_20250608_234608/best_model.pth
Epoch 4/100 - 训练损失: 1.0985 - 验证AUROC: 0.7544 - 验证AUPRC: 0.5518
批次 0: 正样本 25, 负样本 23
批次 100: 正样本 26, 负样本 22
批次 200: 正样本 19, 负样本 29
本轮训练: 正样本 70 (48.61%), 负样本 74 (51.39%)
验证数据集大小: 30 批次
开始进行val评估...
处理批次 0/30, 累计样本数: 48, 批次损失: 0.7588
处理批次 1/30, 累计样本数: 96, 批次损失: 2.7631
处理批次 2/30, 累计样本数: 144, 批次损失: 1.0663
处理批次 3/30, 累计样本数: 192, 批次损失: 0.7047
处理批次 4/30, 累计样本数: 240, 批次损失: 0.8742
测试完成: 处理了 30/30 批次, 1435 个样本
错误批次数: 0
预测标签统计: 正样本数=463, 负样本数=972
成功计算评估指标: AUROC=0.7524, AUPRC=0.5476
当前学习率: 0.000200
Epoch 5/100 - 训练损失: 1.1997 - 验证AUROC: 0.7524 - 验证AUPRC: 0.5476
批次 0: 正样本 22, 负样本 26
批次 100: 正样本 23, 负样本 25
批次 200: 正样本 30, 负样本 18
本轮训练: 正样本 75 (52.08%), 负样本 69 (47.92%)
验证数据集大小: 30 批次
开始进行val评估...
处理批次 0/30, 累计样本数: 48, 批次损失: 0.7712
处理批次 1/30, 累计样本数: 96, 批次损失: 0.5618
处理批次 2/30, 累计样本数: 144, 批次损失: 2.6783
处理批次 3/30, 累计样本数: 192, 批次损失: 0.6981
处理批次 4/30, 累计样本数: 240, 批次损失: 0.7031
测试完成: 处理了 30/30 批次, 1435 个样本
错误批次数: 0
预测标签统计: 正样本数=463, 负样本数=972
成功计算评估指标: AUROC=0.7744, AUPRC=0.5879
当前学习率: 0.000200
保存最佳模型（轮次 6）到 result/DrugBAN3D_refined_augment_20250608_234608/best_model.pth
Epoch 6/100 - 训练损失: 1.0865 - 验证AUROC: 0.7744 - 验证AUPRC: 0.5879
批次 0: 正样本 29, 负样本 19
批次 100: 正样本 26, 负样本 22
批次 200: 正样本 28, 负样本 20
本轮训练: 正样本 83 (57.64%), 负样本 61 (42.36%)
验证数据集大小: 30 批次
开始进行val评估...
处理批次 0/30, 累计样本数: 48, 批次损失: 0.6264
处理批次 1/30, 累计样本数: 96, 批次损失: 0.6527
处理批次 2/30, 累计样本数: 144, 批次损失: 0.5728
处理批次 3/30, 累计样本数: 192, 批次损失: 0.7596
处理批次 4/30, 累计样本数: 240, 批次损失: 0.5776
测试完成: 处理了 30/30 批次, 1435 个样本
错误批次数: 0
预测标签统计: 正样本数=463, 负样本数=972
成功计算评估指标: AUROC=0.7974, AUPRC=0.6069
当前学习率: 0.000200
保存最佳模型（轮次 7）到 result/DrugBAN3D_refined_augment_20250608_234608/best_model.pth
Epoch 7/100 - 训练损失: 1.1362 - 验证AUROC: 0.7974 - 验证AUPRC: 0.6069
批次 0: 正样本 27, 负样本 21
批次 100: 正样本 30, 负样本 18
批次 200: 正样本 23, 负样本 25
本轮训练: 正样本 80 (55.56%), 负样本 64 (44.44%)
验证数据集大小: 30 批次
开始进行val评估...
处理批次 0/30, 累计样本数: 48, 批次损失: 0.6332
处理批次 1/30, 累计样本数: 96, 批次损失: 2.6064
处理批次 2/30, 累计样本数: 144, 批次损失: 0.6775
处理批次 3/30, 累计样本数: 192, 批次损失: 0.8414
处理批次 4/30, 累计样本数: 240, 批次损失: 0.5669
测试完成: 处理了 30/30 批次, 1435 个样本
错误批次数: 0
预测标签统计: 正样本数=463, 负样本数=972
成功计算评估指标: AUROC=0.7735, AUPRC=0.5672
当前学习率: 0.000200
Epoch 8/100 - 训练损失: 1.0956 - 验证AUROC: 0.7735 - 验证AUPRC: 0.5672
批次 0: 正样本 28, 负样本 20
批次 100: 正样本 26, 负样本 22
批次 200: 正样本 24, 负样本 24
本轮训练: 正样本 78 (54.17%), 负样本 66 (45.83%)
验证数据集大小: 30 批次
开始进行val评估...
处理批次 0/30, 累计样本数: 48, 批次损失: 0.7020
处理批次 1/30, 累计样本数: 96, 批次损失: 2.6359
处理批次 2/30, 累计样本数: 144, 批次损失: 0.8110
处理批次 3/30, 累计样本数: 192, 批次损失: 0.6691
处理批次 4/30, 累计样本数: 240, 批次损失: 0.7732
测试完成: 处理了 30/30 批次, 1435 个样本
错误批次数: 0
预测标签统计: 正样本数=463, 负样本数=972
成功计算评估指标: AUROC=0.7913, AUPRC=0.6129
当前学习率: 0.000200
Epoch 9/100 - 训练损失: 0.9570 - 验证AUROC: 0.7913 - 验证AUPRC: 0.6129
批次 0: 正样本 21, 负样本 27
批次 100: 正样本 27, 负样本 21
批次 200: 正样本 32, 负样本 16
本轮训练: 正样本 80 (55.56%), 负样本 64 (44.44%)
验证数据集大小: 30 批次
开始进行val评估...
处理批次 0/30, 累计样本数: 48, 批次损失: 0.7115
处理批次 1/30, 累计样本数: 96, 批次损失: 2.6158
处理批次 2/30, 累计样本数: 144, 批次损失: 0.8082
处理批次 3/30, 累计样本数: 192, 批次损失: 0.6619
处理批次 4/30, 累计样本数: 240, 批次损失: 0.7192
测试完成: 处理了 30/30 批次, 1435 个样本
错误批次数: 0
预测标签统计: 正样本数=463, 负样本数=972
成功计算评估指标: AUROC=0.7970, AUPRC=0.6111
当前学习率: 0.000200
Epoch 10/100 - 训练损失: 0.9491 - 验证AUROC: 0.7970 - 验证AUPRC: 0.6111
批次 0: 正样本 23, 负样本 25
批次 100: 正样本 27, 负样本 21
批次 200: 正样本 25, 负样本 23
本轮训练: 正样本 75 (52.08%), 负样本 69 (47.92%)
验证数据集大小: 30 批次
开始进行val评估...
处理批次 0/30, 累计样本数: 48, 批次损失: 0.6441
处理批次 1/30, 累计样本数: 96, 批次损失: 2.5546
处理批次 2/30, 累计样本数: 144, 批次损失: 0.8007
处理批次 3/30, 累计样本数: 192, 批次损失: 0.6944
处理批次 4/30, 累计样本数: 240, 批次损失: 0.6597
测试完成: 处理了 30/30 批次, 1435 个样本
错误批次数: 0
预测标签统计: 正样本数=463, 负样本数=972
成功计算评估指标: AUROC=0.8125, AUPRC=0.6211
当前学习率: 0.000200
保存最佳模型（轮次 11）到 result/DrugBAN3D_refined_augment_20250608_234608/best_model.pth
Epoch 11/100 - 训练损失: 0.8663 - 验证AUROC: 0.8125 - 验证AUPRC: 0.6211
批次 0: 正样本 26, 负样本 22
批次 100: 正样本 28, 负样本 20
批次 200: 正样本 22, 负样本 26
本轮训练: 正样本 76 (52.78%), 负样本 68 (47.22%)
验证数据集大小: 30 批次
开始进行val评估...
处理批次 0/30, 累计样本数: 48, 批次损失: 0.6854
处理批次 1/30, 累计样本数: 96, 批次损失: 2.5602
处理批次 2/30, 累计样本数: 144, 批次损失: 0.8885
处理批次 3/30, 累计样本数: 192, 批次损失: 0.5484
处理批次 4/30, 累计样本数: 240, 批次损失: 0.7030
测试完成: 处理了 30/30 批次, 1435 个样本
错误批次数: 0
预测标签统计: 正样本数=463, 负样本数=972
成功计算评估指标: AUROC=0.8149, AUPRC=0.6243
当前学习率: 0.000200
保存最佳模型（轮次 12）到 result/DrugBAN3D_refined_augment_20250608_234608/best_model.pth
Epoch 12/100 - 训练损失: 0.8945 - 验证AUROC: 0.8149 - 验证AUPRC: 0.6243
批次 0: 正样本 31, 负样本 17
批次 100: 正样本 23, 负样本 25
批次 200: 正样本 21, 负样本 27
本轮训练: 正样本 75 (52.08%), 负样本 69 (47.92%)
验证数据集大小: 30 批次
开始进行val评估...
处理批次 0/30, 累计样本数: 48, 批次损失: 0.7184
处理批次 1/30, 累计样本数: 96, 批次损失: 2.5312
处理批次 2/30, 累计样本数: 144, 批次损失: 0.6614
处理批次 3/30, 累计样本数: 192, 批次损失: 0.4993
处理批次 4/30, 累计样本数: 240, 批次损失: 0.6506
测试完成: 处理了 30/30 批次, 1435 个样本
错误批次数: 0
预测标签统计: 正样本数=463, 负样本数=972
成功计算评估指标: AUROC=0.8358, AUPRC=0.6635
当前学习率: 0.000200
保存最佳模型（轮次 13）到 result/DrugBAN3D_refined_augment_20250608_234608/best_model.pth
Epoch 13/100 - 训练损失: 0.7872 - 验证AUROC: 0.8358 - 验证AUPRC: 0.6635
批次 0: 正样本 28, 负样本 20
批次 100: 正样本 29, 负样本 19
批次 200: 正样本 27, 负样本 21
本轮训练: 正样本 84 (58.33%), 负样本 60 (41.67%)
验证数据集大小: 30 批次
开始进行val评估...
处理批次 0/30, 累计样本数: 48, 批次损失: 0.5861
处理批次 1/30, 累计样本数: 96, 批次损失: 2.4973
处理批次 2/30, 累计样本数: 144, 批次损失: 0.8768
处理批次 3/30, 累计样本数: 192, 批次损失: 0.7902
处理批次 4/30, 累计样本数: 240, 批次损失: 0.6610
测试完成: 处理了 30/30 批次, 1435 个样本
错误批次数: 0
预测标签统计: 正样本数=463, 负样本数=972
成功计算评估指标: AUROC=0.8336, AUPRC=0.6632
当前学习率: 0.000200
Epoch 14/100 - 训练损失: 0.7310 - 验证AUROC: 0.8336 - 验证AUPRC: 0.6632
批次 0: 正样本 32, 负样本 16
批次 100: 正样本 34, 负样本 14
批次 200: 正样本 24, 负样本 24
本轮训练: 正样本 90 (62.50%), 负样本 54 (37.50%)
验证数据集大小: 30 批次
开始进行val评估...
处理批次 0/30, 累计样本数: 48, 批次损失: 0.5527
处理批次 1/30, 累计样本数: 96, 批次损失: 0.6619
处理批次 2/30, 累计样本数: 144, 批次损失: 0.5590
处理批次 3/30, 累计样本数: 192, 批次损失: 0.6262
处理批次 4/30, 累计样本数: 240, 批次损失: 0.4338
测试完成: 处理了 30/30 批次, 1435 个样本
错误批次数: 0
预测标签统计: 正样本数=463, 负样本数=972
成功计算评估指标: AUROC=0.8364, AUPRC=0.6854
当前学习率: 0.000200
保存最佳模型（轮次 15）到 result/DrugBAN3D_refined_augment_20250608_234608/best_model.pth
Epoch 15/100 - 训练损失: 0.6989 - 验证AUROC: 0.8364 - 验证AUPRC: 0.6854
批次 0: 正样本 20, 负样本 28
批次 100: 正样本 31, 负样本 17
批次 200: 正样本 30, 负样本 18
本轮训练: 正样本 81 (56.25%), 负样本 63 (43.75%)
验证数据集大小: 30 批次
开始进行val评估...
处理批次 0/30, 累计样本数: 48, 批次损失: 0.8144
处理批次 1/30, 累计样本数: 96, 批次损失: 2.6208
处理批次 2/30, 累计样本数: 144, 批次损失: 1.1487
处理批次 3/30, 累计样本数: 192, 批次损失: 0.6753
处理批次 4/30, 累计样本数: 240, 批次损失: 0.9599
测试完成: 处理了 30/30 批次, 1435 个样本
错误批次数: 0
预测标签统计: 正样本数=463, 负样本数=972
成功计算评估指标: AUROC=0.8145, AUPRC=0.6367
当前学习率: 0.000200
Epoch 16/100 - 训练损失: 0.7257 - 验证AUROC: 0.8145 - 验证AUPRC: 0.6367
批次 0: 正样本 23, 负样本 25
批次 100: 正样本 26, 负样本 22
批次 200: 正样本 31, 负样本 17
本轮训练: 正样本 80 (55.56%), 负样本 64 (44.44%)
验证数据集大小: 30 批次
开始进行val评估...
处理批次 0/30, 累计样本数: 48, 批次损失: 1.0296
处理批次 1/30, 累计样本数: 96, 批次损失: 0.7898
处理批次 2/30, 累计样本数: 144, 批次损失: 3.4024
处理批次 3/30, 累计样本数: 192, 批次损失: 0.7699
处理批次 4/30, 累计样本数: 240, 批次损失: 0.9531
测试完成: 处理了 30/30 批次, 1435 个样本
错误批次数: 0
预测标签统计: 正样本数=463, 负样本数=972
成功计算评估指标: AUROC=0.8206, AUPRC=0.6819
当前学习率: 0.000200
Epoch 17/100 - 训练损失: 0.6647 - 验证AUROC: 0.8206 - 验证AUPRC: 0.6819
批次 0: 正样本 24, 负样本 24
批次 100: 正样本 27, 负样本 21
批次 200: 正样本 27, 负样本 21
本轮训练: 正样本 78 (54.17%), 负样本 66 (45.83%)
验证数据集大小: 30 批次
开始进行val评估...
处理批次 0/30, 累计样本数: 48, 批次损失: 0.6605
处理批次 1/30, 累计样本数: 96, 批次损失: 2.8863
处理批次 2/30, 累计样本数: 144, 批次损失: 0.6766
处理批次 3/30, 累计样本数: 192, 批次损失: 0.6204
处理批次 4/30, 累计样本数: 240, 批次损失: 0.6963
测试完成: 处理了 30/30 批次, 1435 个样本
错误批次数: 0
预测标签统计: 正样本数=463, 负样本数=972
成功计算评估指标: AUROC=0.8353, AUPRC=0.6917
Epoch 00018: reducing learning rate of group 0 to 1.0000e-04.
当前学习率: 0.000100
Epoch 18/100 - 训练损失: 0.6228 - 验证AUROC: 0.8353 - 验证AUPRC: 0.6917
批次 0: 正样本 26, 负样本 22
批次 100: 正样本 32, 负样本 16
批次 200: 正样本 20, 负样本 28
本轮训练: 正样本 78 (54.17%), 负样本 66 (45.83%)
验证数据集大小: 30 批次
开始进行val评估...
处理批次 0/30, 累计样本数: 48, 批次损失: 0.7690
处理批次 1/30, 累计样本数: 96, 批次损失: 2.6930
处理批次 2/30, 累计样本数: 144, 批次损失: 0.7218
处理批次 3/30, 累计样本数: 192, 批次损失: 0.6239
处理批次 4/30, 累计样本数: 240, 批次损失: 0.6673
测试完成: 处理了 30/30 批次, 1435 个样本
错误批次数: 0
预测标签统计: 正样本数=463, 负样本数=972
成功计算评估指标: AUROC=0.8690, AUPRC=0.7471
当前学习率: 0.000100
保存最佳模型（轮次 19）到 result/DrugBAN3D_refined_augment_20250608_234608/best_model.pth
Epoch 19/100 - 训练损失: 0.5226 - 验证AUROC: 0.8690 - 验证AUPRC: 0.7471
批次 0: 正样本 28, 负样本 20
批次 100: 正样本 30, 负样本 18
批次 200: 正样本 27, 负样本 21
本轮训练: 正样本 85 (59.03%), 负样本 59 (40.97%)
验证数据集大小: 30 批次
开始进行val评估...
处理批次 0/30, 累计样本数: 48, 批次损失: 0.9521
处理批次 1/30, 累计样本数: 96, 批次损失: 0.8909
处理批次 2/30, 累计样本数: 144, 批次损失: 2.9236
处理批次 3/30, 累计样本数: 192, 批次损失: 0.6732
处理批次 4/30, 累计样本数: 240, 批次损失: 0.7931
测试完成: 处理了 30/30 批次, 1435 个样本
错误批次数: 0
预测标签统计: 正样本数=463, 负样本数=972
成功计算评估指标: AUROC=0.8731, AUPRC=0.7582
当前学习率: 0.000100
保存最佳模型（轮次 20）到 result/DrugBAN3D_refined_augment_20250608_234608/best_model.pth
Epoch 20/100 - 训练损失: 0.4875 - 验证AUROC: 0.8731 - 验证AUPRC: 0.7582
批次 0: 正样本 21, 负样本 27
批次 100: 正样本 30, 负样本 18
批次 200: 正样本 22, 负样本 26
本轮训练: 正样本 73 (50.69%), 负样本 71 (49.31%)
验证数据集大小: 30 批次
开始进行val评估...
处理批次 0/30, 累计样本数: 48, 批次损失: 1.0785
处理批次 1/30, 累计样本数: 96, 批次损失: 1.0187
处理批次 2/30, 累计样本数: 144, 批次损失: 0.9011
处理批次 3/30, 累计样本数: 192, 批次损失: 0.7775
处理批次 4/30, 累计样本数: 240, 批次损失: 1.0106
测试完成: 处理了 30/30 批次, 1435 个样本
错误批次数: 0
预测标签统计: 正样本数=463, 负样本数=972
成功计算评估指标: AUROC=0.8851, AUPRC=0.7902
当前学习率: 0.000100
保存最佳模型（轮次 21）到 result/DrugBAN3D_refined_augment_20250608_234608/best_model.pth
Epoch 21/100 - 训练损失: 0.4332 - 验证AUROC: 0.8851 - 验证AUPRC: 0.7902
批次 0: 正样本 26, 负样本 22
批次 100: 正样本 24, 负样本 24
批次 200: 正样本 28, 负样本 20
本轮训练: 正样本 78 (54.17%), 负样本 66 (45.83%)
验证数据集大小: 30 批次
开始进行val评估...
处理批次 0/30, 累计样本数: 48, 批次损失: 0.9201
处理批次 1/30, 累计样本数: 96, 批次损失: 2.8851
处理批次 2/30, 累计样本数: 144, 批次损失: 0.9954
处理批次 3/30, 累计样本数: 192, 批次损失: 0.7154
处理批次 4/30, 累计样本数: 240, 批次损失: 0.9080
测试完成: 处理了 30/30 批次, 1435 个样本
错误批次数: 0
预测标签统计: 正样本数=463, 负样本数=972
成功计算评估指标: AUROC=0.8728, AUPRC=0.7549
当前学习率: 0.000100
Epoch 22/100 - 训练损失: 0.4187 - 验证AUROC: 0.8728 - 验证AUPRC: 0.7549
批次 0: 正样本 30, 负样本 18
批次 100: 正样本 28, 负样本 20
批次 200: 正样本 23, 负样本 25
本轮训练: 正样本 81 (56.25%), 负样本 63 (43.75%)
验证数据集大小: 30 批次
开始进行val评估...
处理批次 0/30, 累计样本数: 48, 批次损失: 0.9263
处理批次 1/30, 累计样本数: 96, 批次损失: 1.0878
处理批次 2/30, 累计样本数: 144, 批次损失: 1.0536
处理批次 3/30, 累计样本数: 192, 批次损失: 0.9336
处理批次 4/30, 累计样本数: 240, 批次损失: 1.1192
测试完成: 处理了 30/30 批次, 1435 个样本
错误批次数: 0
预测标签统计: 正样本数=463, 负样本数=972
成功计算评估指标: AUROC=0.8767, AUPRC=0.7847
当前学习率: 0.000100
Epoch 23/100 - 训练损失: 0.3802 - 验证AUROC: 0.8767 - 验证AUPRC: 0.7847
批次 0: 正样本 28, 负样本 20
批次 100: 正样本 28, 负样本 20
批次 200: 正样本 33, 负样本 15
本轮训练: 正样本 89 (61.81%), 负样本 55 (38.19%)
验证数据集大小: 30 批次
开始进行val评估...
处理批次 0/30, 累计样本数: 48, 批次损失: 1.0185
处理批次 1/30, 累计样本数: 96, 批次损失: 0.9293
处理批次 2/30, 累计样本数: 144, 批次损失: 0.9094
处理批次 3/30, 累计样本数: 192, 批次损失: 0.8322
处理批次 4/30, 累计样本数: 240, 批次损失: 0.9175
测试完成: 处理了 30/30 批次, 1435 个样本
错误批次数: 0
预测标签统计: 正样本数=463, 负样本数=972
成功计算评估指标: AUROC=0.8691, AUPRC=0.7610
当前学习率: 0.000100
Epoch 24/100 - 训练损失: 0.3934 - 验证AUROC: 0.8691 - 验证AUPRC: 0.7610
批次 0: 正样本 31, 负样本 17
批次 100: 正样本 23, 负样本 25
批次 200: 正样本 31, 负样本 17
本轮训练: 正样本 85 (59.03%), 负样本 59 (40.97%)
验证数据集大小: 30 批次
开始进行val评估...
处理批次 0/30, 累计样本数: 48, 批次损失: 1.1322
处理批次 1/30, 累计样本数: 96, 批次损失: 1.2950
处理批次 2/30, 累计样本数: 144, 批次损失: 1.1563
处理批次 3/30, 累计样本数: 192, 批次损失: 0.9305
处理批次 4/30, 累计样本数: 240, 批次损失: 0.9590
测试完成: 处理了 30/30 批次, 1435 个样本
错误批次数: 0
预测标签统计: 正样本数=463, 负样本数=972
成功计算评估指标: AUROC=0.8767, AUPRC=0.7755
当前学习率: 0.000100
Epoch 25/100 - 训练损失: 0.3488 - 验证AUROC: 0.8767 - 验证AUPRC: 0.7755
批次 0: 正样本 25, 负样本 23
批次 100: 正样本 29, 负样本 19
批次 200: 正样本 29, 负样本 19
本轮训练: 正样本 83 (57.64%), 负样本 61 (42.36%)
验证数据集大小: 30 批次
开始进行val评估...
处理批次 0/30, 累计样本数: 48, 批次损失: 1.0186
处理批次 1/30, 累计样本数: 96, 批次损失: 1.0234
处理批次 2/30, 累计样本数: 144, 批次损失: 0.9433
处理批次 3/30, 累计样本数: 192, 批次损失: 0.8796
处理批次 4/30, 累计样本数: 240, 批次损失: 0.9130
测试完成: 处理了 30/30 批次, 1435 个样本
错误批次数: 0
预测标签统计: 正样本数=463, 负样本数=972
成功计算评估指标: AUROC=0.8656, AUPRC=0.7628
Epoch 00026: reducing learning rate of group 0 to 5.0000e-05.
当前学习率: 0.000050
Epoch 26/100 - 训练损失: 0.3552 - 验证AUROC: 0.8656 - 验证AUPRC: 0.7628
批次 0: 正样本 27, 负样本 21
批次 100: 正样本 26, 负样本 22
批次 200: 正样本 27, 负样本 21
本轮训练: 正样本 80 (55.56%), 负样本 64 (44.44%)
验证数据集大小: 30 批次
开始进行val评估...
处理批次 0/30, 累计样本数: 48, 批次损失: 0.9638
处理批次 1/30, 累计样本数: 96, 批次损失: 1.1871
处理批次 2/30, 累计样本数: 144, 批次损失: 0.8043
处理批次 3/30, 累计样本数: 192, 批次损失: 1.0080
处理批次 4/30, 累计样本数: 240, 批次损失: 0.9318
测试完成: 处理了 30/30 批次, 1435 个样本
错误批次数: 0
预测标签统计: 正样本数=463, 负样本数=972
成功计算评估指标: AUROC=0.8890, AUPRC=0.8059
当前学习率: 0.000050
保存最佳模型（轮次 27）到 result/DrugBAN3D_refined_augment_20250608_234608/best_model.pth
Epoch 27/100 - 训练损失: 0.3268 - 验证AUROC: 0.8890 - 验证AUPRC: 0.8059
批次 0: 正样本 26, 负样本 22
批次 100: 正样本 29, 负样本 19
批次 200: 正样本 23, 负样本 25
本轮训练: 正样本 78 (54.17%), 负样本 66 (45.83%)
验证数据集大小: 30 批次
开始进行val评估...
处理批次 0/30, 累计样本数: 48, 批次损失: 0.9769
处理批次 1/30, 累计样本数: 96, 批次损失: 1.0776
处理批次 2/30, 累计样本数: 144, 批次损失: 1.2503
处理批次 3/30, 累计样本数: 192, 批次损失: 1.1155
处理批次 4/30, 累计样本数: 240, 批次损失: 0.9720
测试完成: 处理了 30/30 批次, 1435 个样本
错误批次数: 0
预测标签统计: 正样本数=463, 负样本数=972
成功计算评估指标: AUROC=0.8886, AUPRC=0.8097
当前学习率: 0.000050
Epoch 28/100 - 训练损失: 0.3022 - 验证AUROC: 0.8886 - 验证AUPRC: 0.8097
批次 0: 正样本 27, 负样本 21
批次 100: 正样本 26, 负样本 22
批次 200: 正样本 27, 负样本 21
本轮训练: 正样本 80 (55.56%), 负样本 64 (44.44%)
验证数据集大小: 30 批次
开始进行val评估...
处理批次 0/30, 累计样本数: 48, 批次损失: 0.9939
处理批次 1/30, 累计样本数: 96, 批次损失: 1.0188
处理批次 2/30, 累计样本数: 144, 批次损失: 1.2205
处理批次 3/30, 累计样本数: 192, 批次损失: 0.8963
处理批次 4/30, 累计样本数: 240, 批次损失: 0.9837
测试完成: 处理了 30/30 批次, 1435 个样本
错误批次数: 0
预测标签统计: 正样本数=463, 负样本数=972
成功计算评估指标: AUROC=0.8932, AUPRC=0.8154
当前学习率: 0.000050
保存最佳模型（轮次 29）到 result/DrugBAN3D_refined_augment_20250608_234608/best_model.pth
Epoch 29/100 - 训练损失: 0.2853 - 验证AUROC: 0.8932 - 验证AUPRC: 0.8154
批次 0: 正样本 30, 负样本 18
批次 100: 正样本 34, 负样本 14
批次 200: 正样本 27, 负样本 21
本轮训练: 正样本 91 (63.19%), 负样本 53 (36.81%)
验证数据集大小: 30 批次
开始进行val评估...
处理批次 0/30, 累计样本数: 48, 批次损失: 0.9920
处理批次 1/30, 累计样本数: 96, 批次损失: 1.6306
处理批次 2/30, 累计样本数: 144, 批次损失: 1.0295
处理批次 3/30, 累计样本数: 192, 批次损失: 1.0139
处理批次 4/30, 累计样本数: 240, 批次损失: 1.0327
测试完成: 处理了 30/30 批次, 1435 个样本
错误批次数: 0
预测标签统计: 正样本数=463, 负样本数=972
成功计算评估指标: AUROC=0.8944, AUPRC=0.8215
当前学习率: 0.000050
保存最佳模型（轮次 30）到 result/DrugBAN3D_refined_augment_20250608_234608/best_model.pth
Epoch 30/100 - 训练损失: 0.2839 - 验证AUROC: 0.8944 - 验证AUPRC: 0.8215
批次 0: 正样本 25, 负样本 23
批次 100: 正样本 25, 负样本 23
批次 200: 正样本 29, 负样本 19
本轮训练: 正样本 79 (54.86%), 负样本 65 (45.14%)
验证数据集大小: 30 批次
开始进行val评估...
处理批次 0/30, 累计样本数: 48, 批次损失: 0.9975
处理批次 1/30, 累计样本数: 96, 批次损失: 1.7353
处理批次 2/30, 累计样本数: 144, 批次损失: 1.4175
处理批次 3/30, 累计样本数: 192, 批次损失: 1.0952
处理批次 4/30, 累计样本数: 240, 批次损失: 0.9897
测试完成: 处理了 30/30 批次, 1435 个样本
错误批次数: 0
预测标签统计: 正样本数=463, 负样本数=972
成功计算评估指标: AUROC=0.8910, AUPRC=0.8145
当前学习率: 0.000050
Epoch 31/100 - 训练损失: 0.2590 - 验证AUROC: 0.8910 - 验证AUPRC: 0.8145
批次 0: 正样本 30, 负样本 18
批次 100: 正样本 23, 负样本 25
批次 200: 正样本 34, 负样本 14
本轮训练: 正样本 87 (60.42%), 负样本 57 (39.58%)
验证数据集大小: 30 批次
开始进行val评估...
处理批次 0/30, 累计样本数: 48, 批次损失: 1.2951
处理批次 1/30, 累计样本数: 96, 批次损失: 1.4965
处理批次 2/30, 累计样本数: 144, 批次损失: 1.5543
处理批次 3/30, 累计样本数: 192, 批次损失: 1.2542
处理批次 4/30, 累计样本数: 240, 批次损失: 1.0688
测试完成: 处理了 30/30 批次, 1435 个样本
错误批次数: 0
预测标签统计: 正样本数=463, 负样本数=972
成功计算评估指标: AUROC=0.8879, AUPRC=0.8001
当前学习率: 0.000050
Epoch 32/100 - 训练损失: 0.2647 - 验证AUROC: 0.8879 - 验证AUPRC: 0.8001
批次 0: 正样本 24, 负样本 24
批次 100: 正样本 30, 负样本 18
批次 200: 正样本 30, 负样本 18
本轮训练: 正样本 84 (58.33%), 负样本 60 (41.67%)
验证数据集大小: 30 批次
开始进行val评估...
处理批次 0/30, 累计样本数: 48, 批次损失: 1.1336
处理批次 1/30, 累计样本数: 96, 批次损失: 1.5977
处理批次 2/30, 累计样本数: 144, 批次损失: 1.2037
处理批次 3/30, 累计样本数: 192, 批次损失: 1.0623
处理批次 4/30, 累计样本数: 240, 批次损失: 1.1583
测试完成: 处理了 30/30 批次, 1435 个样本
错误批次数: 0
预测标签统计: 正样本数=463, 负样本数=972
成功计算评估指标: AUROC=0.8861, AUPRC=0.7963
当前学习率: 0.000050
Epoch 33/100 - 训练损失: 0.2523 - 验证AUROC: 0.8861 - 验证AUPRC: 0.7963
批次 0: 正样本 26, 负样本 22
批次 100: 正样本 28, 负样本 20
批次 200: 正样本 26, 负样本 22
本轮训练: 正样本 80 (55.56%), 负样本 64 (44.44%)
验证数据集大小: 30 批次
开始进行val评估...
处理批次 0/30, 累计样本数: 48, 批次损失: 1.1735
处理批次 1/30, 累计样本数: 96, 批次损失: 1.5652
处理批次 2/30, 累计样本数: 144, 批次损失: 1.2570
处理批次 3/30, 累计样本数: 192, 批次损失: 1.1573
处理批次 4/30, 累计样本数: 240, 批次损失: 1.0399
测试完成: 处理了 30/30 批次, 1435 个样本
错误批次数: 0
预测标签统计: 正样本数=463, 负样本数=972
成功计算评估指标: AUROC=0.8901, AUPRC=0.8146
当前学习率: 0.000050
Epoch 34/100 - 训练损失: 0.2521 - 验证AUROC: 0.8901 - 验证AUPRC: 0.8146
批次 0: 正样本 30, 负样本 18
批次 100: 正样本 25, 负样本 23
批次 200: 正样本 27, 负样本 21
本轮训练: 正样本 82 (56.94%), 负样本 62 (43.06%)
验证数据集大小: 30 批次
开始进行val评估...
处理批次 0/30, 累计样本数: 48, 批次损失: 1.0832
处理批次 1/30, 累计样本数: 96, 批次损失: 1.4578
处理批次 2/30, 累计样本数: 144, 批次损失: 1.3561
处理批次 3/30, 累计样本数: 192, 批次损失: 1.2757
处理批次 4/30, 累计样本数: 240, 批次损失: 0.9130
测试完成: 处理了 30/30 批次, 1435 个样本
错误批次数: 0
预测标签统计: 正样本数=463, 负样本数=972
成功计算评估指标: AUROC=0.8905, AUPRC=0.8119
Epoch 00035: reducing learning rate of group 0 to 2.5000e-05.
当前学习率: 0.000025
Epoch 35/100 - 训练损失: 0.2443 - 验证AUROC: 0.8905 - 验证AUPRC: 0.8119
批次 0: 正样本 28, 负样本 20
批次 100: 正样本 28, 负样本 20
批次 200: 正样本 29, 负样本 19
本轮训练: 正样本 85 (59.03%), 负样本 59 (40.97%)
验证数据集大小: 30 批次
开始进行val评估...
处理批次 0/30, 累计样本数: 48, 批次损失: 1.1232
处理批次 1/30, 累计样本数: 96, 批次损失: 1.3534
处理批次 2/30, 累计样本数: 144, 批次损失: 1.3239
处理批次 3/30, 累计样本数: 192, 批次损失: 1.3216
处理批次 4/30, 累计样本数: 240, 批次损失: 1.1283
测试完成: 处理了 30/30 批次, 1435 个样本
错误批次数: 0
预测标签统计: 正样本数=463, 负样本数=972
成功计算评估指标: AUROC=0.8928, AUPRC=0.8127
当前学习率: 0.000025
Epoch 36/100 - 训练损失: 0.2254 - 验证AUROC: 0.8928 - 验证AUPRC: 0.8127
批次 0: 正样本 23, 负样本 25
批次 100: 正样本 23, 负样本 25
批次 200: 正样本 28, 负样本 20
本轮训练: 正样本 74 (51.39%), 负样本 70 (48.61%)
验证数据集大小: 30 批次
开始进行val评估...
处理批次 0/30, 累计样本数: 48, 批次损失: 1.2096
处理批次 1/30, 累计样本数: 96, 批次损失: 1.3270
处理批次 2/30, 累计样本数: 144, 批次损失: 1.1897
处理批次 3/30, 累计样本数: 192, 批次损失: 1.4007
处理批次 4/30, 累计样本数: 240, 批次损失: 1.0332
测试完成: 处理了 30/30 批次, 1435 个样本
错误批次数: 0
预测标签统计: 正样本数=463, 负样本数=972
成功计算评估指标: AUROC=0.8914, AUPRC=0.8087
当前学习率: 0.000025
Epoch 37/100 - 训练损失: 0.2224 - 验证AUROC: 0.8914 - 验证AUPRC: 0.8087
批次 0: 正样本 26, 负样本 22
批次 100: 正样本 31, 负样本 17
批次 200: 正样本 32, 负样本 16
本轮训练: 正样本 89 (61.81%), 负样本 55 (38.19%)
验证数据集大小: 30 批次
开始进行val评估...
处理批次 0/30, 累计样本数: 48, 批次损失: 1.1336
处理批次 1/30, 累计样本数: 96, 批次损失: 1.6954
处理批次 2/30, 累计样本数: 144, 批次损失: 1.1824
处理批次 3/30, 累计样本数: 192, 批次损失: 1.5031
处理批次 4/30, 累计样本数: 240, 批次损失: 1.0748
测试完成: 处理了 30/30 批次, 1435 个样本
错误批次数: 0
预测标签统计: 正样本数=463, 负样本数=972
成功计算评估指标: AUROC=0.8909, AUPRC=0.8102
当前学习率: 0.000025
Epoch 38/100 - 训练损失: 0.2021 - 验证AUROC: 0.8909 - 验证AUPRC: 0.8102
批次 0: 正样本 29, 负样本 19
批次 100: 正样本 23, 负样本 25
批次 200: 正样本 30, 负样本 18
本轮训练: 正样本 82 (56.94%), 负样本 62 (43.06%)
验证数据集大小: 30 批次
开始进行val评估...
处理批次 0/30, 累计样本数: 48, 批次损失: 1.1977
处理批次 1/30, 累计样本数: 96, 批次损失: 1.6191
处理批次 2/30, 累计样本数: 144, 批次损失: 1.4099
处理批次 3/30, 累计样本数: 192, 批次损失: 1.5744
处理批次 4/30, 累计样本数: 240, 批次损失: 1.0463
测试完成: 处理了 30/30 批次, 1435 个样本
错误批次数: 0
预测标签统计: 正样本数=463, 负样本数=972
成功计算评估指标: AUROC=0.8930, AUPRC=0.8070
当前学习率: 0.000025
Epoch 39/100 - 训练损失: 0.2112 - 验证AUROC: 0.8930 - 验证AUPRC: 0.8070
批次 0: 正样本 29, 负样本 19
批次 100: 正样本 28, 负样本 20
批次 200: 正样本 24, 负样本 24
本轮训练: 正样本 81 (56.25%), 负样本 63 (43.75%)
验证数据集大小: 30 批次
开始进行val评估...
处理批次 0/30, 累计样本数: 48, 批次损失: 1.2551
处理批次 1/30, 累计样本数: 96, 批次损失: 1.8614
处理批次 2/30, 累计样本数: 144, 批次损失: 1.1317
处理批次 3/30, 累计样本数: 192, 批次损失: 1.5703
处理批次 4/30, 累计样本数: 240, 批次损失: 1.0672
测试完成: 处理了 30/30 批次, 1435 个样本
错误批次数: 0
预测标签统计: 正样本数=463, 负样本数=972
成功计算评估指标: AUROC=0.8931, AUPRC=0.8148
Epoch 00040: reducing learning rate of group 0 to 1.2500e-05.
当前学习率: 0.000013
Epoch 40/100 - 训练损失: 0.2086 - 验证AUROC: 0.8931 - 验证AUPRC: 0.8148
批次 0: 正样本 25, 负样本 23
批次 100: 正样本 29, 负样本 19
批次 200: 正样本 30, 负样本 18
本轮训练: 正样本 84 (58.33%), 负样本 60 (41.67%)
验证数据集大小: 30 批次
开始进行val评估...
处理批次 0/30, 累计样本数: 48, 批次损失: 1.2688
处理批次 1/30, 累计样本数: 96, 批次损失: 1.7479
处理批次 2/30, 累计样本数: 144, 批次损失: 1.4145
处理批次 3/30, 累计样本数: 192, 批次损失: 1.6457
处理批次 4/30, 累计样本数: 240, 批次损失: 1.0879
测试完成: 处理了 30/30 批次, 1435 个样本
错误批次数: 0
预测标签统计: 正样本数=463, 负样本数=972
成功计算评估指标: AUROC=0.8955, AUPRC=0.8186
当前学习率: 0.000013
保存最佳模型（轮次 41）到 result/DrugBAN3D_refined_augment_20250608_234608/best_model.pth
Epoch 41/100 - 训练损失: 0.1983 - 验证AUROC: 0.8955 - 验证AUPRC: 0.8186
批次 0: 正样本 26, 负样本 22
批次 100: 正样本 34, 负样本 14
批次 200: 正样本 29, 负样本 19
本轮训练: 正样本 89 (61.81%), 负样本 55 (38.19%)
验证数据集大小: 30 批次
开始进行val评估...
处理批次 0/30, 累计样本数: 48, 批次损失: 1.3242
处理批次 1/30, 累计样本数: 96, 批次损失: 1.8369
处理批次 2/30, 累计样本数: 144, 批次损失: 1.3078
处理批次 3/30, 累计样本数: 192, 批次损失: 1.7544
处理批次 4/30, 累计样本数: 240, 批次损失: 1.0684
测试完成: 处理了 30/30 批次, 1435 个样本
错误批次数: 0
预测标签统计: 正样本数=463, 负样本数=972
成功计算评估指标: AUROC=0.8945, AUPRC=0.8233
当前学习率: 0.000013
Epoch 42/100 - 训练损失: 0.1902 - 验证AUROC: 0.8945 - 验证AUPRC: 0.8233
批次 0: 正样本 26, 负样本 22
批次 100: 正样本 25, 负样本 23
批次 200: 正样本 30, 负样本 18
本轮训练: 正样本 81 (56.25%), 负样本 63 (43.75%)
验证数据集大小: 30 批次
开始进行val评估...
处理批次 0/30, 累计样本数: 48, 批次损失: 1.1707
处理批次 1/30, 累计样本数: 96, 批次损失: 1.6067
处理批次 2/30, 累计样本数: 144, 批次损失: 1.4255
处理批次 3/30, 累计样本数: 192, 批次损失: 1.4987
处理批次 4/30, 累计样本数: 240, 批次损失: 1.1255
测试完成: 处理了 30/30 批次, 1435 个样本
错误批次数: 0
预测标签统计: 正样本数=463, 负样本数=972
成功计算评估指标: AUROC=0.8958, AUPRC=0.8149
当前学习率: 0.000013
保存最佳模型（轮次 43）到 result/DrugBAN3D_refined_augment_20250608_234608/best_model.pth
Epoch 43/100 - 训练损失: 0.1828 - 验证AUROC: 0.8958 - 验证AUPRC: 0.8149
批次 0: 正样本 19, 负样本 29
批次 100: 正样本 27, 负样本 21
批次 200: 正样本 26, 负样本 22
本轮训练: 正样本 72 (50.00%), 负样本 72 (50.00%)
验证数据集大小: 30 批次
开始进行val评估...
处理批次 0/30, 累计样本数: 48, 批次损失: 1.2379
处理批次 1/30, 累计样本数: 96, 批次损失: 2.0788
处理批次 2/30, 累计样本数: 144, 批次损失: 1.4227
处理批次 3/30, 累计样本数: 192, 批次损失: 1.9077
处理批次 4/30, 累计样本数: 240, 批次损失: 1.1489
测试完成: 处理了 30/30 批次, 1435 个样本
错误批次数: 0
预测标签统计: 正样本数=463, 负样本数=972
成功计算评估指标: AUROC=0.8882, AUPRC=0.8100
当前学习率: 0.000013
Epoch 44/100 - 训练损失: 0.1807 - 验证AUROC: 0.8882 - 验证AUPRC: 0.8100
批次 0: 正样本 30, 负样本 18
批次 100: 正样本 33, 负样本 15
批次 200: 正样本 19, 负样本 29
本轮训练: 正样本 82 (56.94%), 负样本 62 (43.06%)
验证数据集大小: 30 批次
开始进行val评估...
处理批次 0/30, 累计样本数: 48, 批次损失: 1.3075
处理批次 1/30, 累计样本数: 96, 批次损失: 2.3826
处理批次 2/30, 累计样本数: 144, 批次损失: 1.4906
处理批次 3/30, 累计样本数: 192, 批次损失: 2.0667
处理批次 4/30, 累计样本数: 240, 批次损失: 1.2506
测试完成: 处理了 30/30 批次, 1435 个样本
错误批次数: 0
预测标签统计: 正样本数=463, 负样本数=972
成功计算评估指标: AUROC=0.8884, AUPRC=0.8054
当前学习率: 0.000013
Epoch 45/100 - 训练损失: 0.1786 - 验证AUROC: 0.8884 - 验证AUPRC: 0.8054
批次 0: 正样本 25, 负样本 23
批次 100: 正样本 26, 负样本 22
批次 200: 正样本 30, 负样本 18
本轮训练: 正样本 81 (56.25%), 负样本 63 (43.75%)
验证数据集大小: 30 批次
开始进行val评估...
处理批次 0/30, 累计样本数: 48, 批次损失: 1.1968
处理批次 1/30, 累计样本数: 96, 批次损失: 1.6741
处理批次 2/30, 累计样本数: 144, 批次损失: 1.3223
处理批次 3/30, 累计样本数: 192, 批次损失: 1.7673
处理批次 4/30, 累计样本数: 240, 批次损失: 1.1162
测试完成: 处理了 30/30 批次, 1435 个样本
错误批次数: 0
预测标签统计: 正样本数=463, 负样本数=972
成功计算评估指标: AUROC=0.8901, AUPRC=0.8109
Epoch 00046: reducing learning rate of group 0 to 6.2500e-06.
当前学习率: 0.000006
Epoch 46/100 - 训练损失: 0.1757 - 验证AUROC: 0.8901 - 验证AUPRC: 0.8109
批次 0: 正样本 24, 负样本 24
批次 100: 正样本 27, 负样本 21
批次 200: 正样本 21, 负样本 27
本轮训练: 正样本 72 (50.00%), 负样本 72 (50.00%)
验证数据集大小: 30 批次
开始进行val评估...
处理批次 0/30, 累计样本数: 48, 批次损失: 1.3480
处理批次 1/30, 累计样本数: 96, 批次损失: 1.9724
处理批次 2/30, 累计样本数: 144, 批次损失: 1.4807
处理批次 3/30, 累计样本数: 192, 批次损失: 1.8621
处理批次 4/30, 累计样本数: 240, 批次损失: 1.1693
测试完成: 处理了 30/30 批次, 1435 个样本
错误批次数: 0
预测标签统计: 正样本数=463, 负样本数=972
成功计算评估指标: AUROC=0.8911, AUPRC=0.8132
当前学习率: 0.000006
Epoch 47/100 - 训练损失: 0.1740 - 验证AUROC: 0.8911 - 验证AUPRC: 0.8132
批次 0: 正样本 27, 负样本 21
批次 100: 正样本 32, 负样本 16
批次 200: 正样本 29, 负样本 19
本轮训练: 正样本 88 (61.11%), 负样本 56 (38.89%)
验证数据集大小: 30 批次
开始进行val评估...
处理批次 0/30, 累计样本数: 48, 批次损失: 1.2249
处理批次 1/30, 累计样本数: 96, 批次损失: 1.9153
处理批次 2/30, 累计样本数: 144, 批次损失: 1.4019
处理批次 3/30, 累计样本数: 192, 批次损失: 1.7989
处理批次 4/30, 累计样本数: 240, 批次损失: 1.0369
测试完成: 处理了 30/30 批次, 1435 个样本
错误批次数: 0
预测标签统计: 正样本数=463, 负样本数=972
成功计算评估指标: AUROC=0.8894, AUPRC=0.8133
当前学习率: 0.000006
Epoch 48/100 - 训练损失: 0.1795 - 验证AUROC: 0.8894 - 验证AUPRC: 0.8133
批次 0: 正样本 26, 负样本 22
批次 100: 正样本 25, 负样本 23
批次 200: 正样本 23, 负样本 25
本轮训练: 正样本 74 (51.39%), 负样本 70 (48.61%)
验证数据集大小: 30 批次
开始进行val评估...
处理批次 0/30, 累计样本数: 48, 批次损失: 1.3085
处理批次 1/30, 累计样本数: 96, 批次损失: 1.9496
处理批次 2/30, 累计样本数: 144, 批次损失: 3.2407
处理批次 3/30, 累计样本数: 192, 批次损失: 1.8657
处理批次 4/30, 累计样本数: 240, 批次损失: 1.1574
测试完成: 处理了 30/30 批次, 1435 个样本
错误批次数: 0
预测标签统计: 正样本数=463, 负样本数=972
成功计算评估指标: AUROC=0.8922, AUPRC=0.8121
当前学习率: 0.000006
Epoch 49/100 - 训练损失: 0.1736 - 验证AUROC: 0.8922 - 验证AUPRC: 0.8121
批次 0: 正样本 26, 负样本 22
批次 100: 正样本 27, 负样本 21
批次 200: 正样本 29, 负样本 19
本轮训练: 正样本 82 (56.94%), 负样本 62 (43.06%)
验证数据集大小: 30 批次
开始进行val评估...
处理批次 0/30, 累计样本数: 48, 批次损失: 1.3766
处理批次 1/30, 累计样本数: 96, 批次损失: 1.9242
处理批次 2/30, 累计样本数: 144, 批次损失: 1.3819
处理批次 3/30, 累计样本数: 192, 批次损失: 1.8093
处理批次 4/30, 累计样本数: 240, 批次损失: 1.1931
测试完成: 处理了 30/30 批次, 1435 个样本
错误批次数: 0
预测标签统计: 正样本数=463, 负样本数=972
成功计算评估指标: AUROC=0.8913, AUPRC=0.8157
当前学习率: 0.000006
Epoch 50/100 - 训练损失: 0.1664 - 验证AUROC: 0.8913 - 验证AUPRC: 0.8157
批次 0: 正样本 28, 负样本 20
批次 100: 正样本 26, 负样本 22
批次 200: 正样本 28, 负样本 20
本轮训练: 正样本 82 (56.94%), 负样本 62 (43.06%)
验证数据集大小: 30 批次
开始进行val评估...
处理批次 0/30, 累计样本数: 48, 批次损失: 1.3533
处理批次 1/30, 累计样本数: 96, 批次损失: 1.7050
处理批次 2/30, 累计样本数: 144, 批次损失: 1.6383
处理批次 3/30, 累计样本数: 192, 批次损失: 1.9773
处理批次 4/30, 累计样本数: 240, 批次损失: 1.1588
测试完成: 处理了 30/30 批次, 1435 个样本
错误批次数: 0
预测标签统计: 正样本数=463, 负样本数=972
成功计算评估指标: AUROC=0.8887, AUPRC=0.8135
Epoch 00051: reducing learning rate of group 0 to 3.1250e-06.
当前学习率: 0.000003
Epoch 51/100 - 训练损失: 0.1604 - 验证AUROC: 0.8887 - 验证AUPRC: 0.8135
批次 0: 正样本 27, 负样本 21
批次 100: 正样本 26, 负样本 22
批次 200: 正样本 28, 负样本 20
本轮训练: 正样本 81 (56.25%), 负样本 63 (43.75%)
验证数据集大小: 30 批次
开始进行val评估...
处理批次 0/30, 累计样本数: 48, 批次损失: 1.3738
处理批次 1/30, 累计样本数: 96, 批次损失: 1.8807
处理批次 2/30, 累计样本数: 144, 批次损失: 1.2795
处理批次 3/30, 累计样本数: 192, 批次损失: 1.8936
处理批次 4/30, 累计样本数: 240, 批次损失: 1.1230
测试完成: 处理了 30/30 批次, 1435 个样本
错误批次数: 0
预测标签统计: 正样本数=463, 负样本数=972
成功计算评估指标: AUROC=0.8931, AUPRC=0.8202
当前学习率: 0.000003
Epoch 52/100 - 训练损失: 0.1609 - 验证AUROC: 0.8931 - 验证AUPRC: 0.8202
批次 0: 正样本 26, 负样本 22
批次 100: 正样本 25, 负样本 23
批次 200: 正样本 29, 负样本 19
本轮训练: 正样本 80 (55.56%), 负样本 64 (44.44%)
验证数据集大小: 30 批次
开始进行val评估...
处理批次 0/30, 累计样本数: 48, 批次损失: 1.4008
处理批次 1/30, 累计样本数: 96, 批次损失: 1.6979
处理批次 2/30, 累计样本数: 144, 批次损失: 1.4258
处理批次 3/30, 累计样本数: 192, 批次损失: 1.9369
处理批次 4/30, 累计样本数: 240, 批次损失: 1.2202
测试完成: 处理了 30/30 批次, 1435 个样本
错误批次数: 0
预测标签统计: 正样本数=463, 负样本数=972
成功计算评估指标: AUROC=0.8944, AUPRC=0.8192
当前学习率: 0.000003
Epoch 53/100 - 训练损失: 0.1647 - 验证AUROC: 0.8944 - 验证AUPRC: 0.8192
批次 0: 正样本 23, 负样本 25
批次 100: 正样本 30, 负样本 18
批次 200: 正样本 29, 负样本 19
本轮训练: 正样本 82 (56.94%), 负样本 62 (43.06%)
验证数据集大小: 30 批次
开始进行val评估...
处理批次 0/30, 累计样本数: 48, 批次损失: 1.3730
处理批次 1/30, 累计样本数: 96, 批次损失: 2.0991
处理批次 2/30, 累计样本数: 144, 批次损失: 1.4818
处理批次 3/30, 累计样本数: 192, 批次损失: 1.8387
处理批次 4/30, 累计样本数: 240, 批次损失: 1.1231
测试完成: 处理了 30/30 批次, 1435 个样本
错误批次数: 0
预测标签统计: 正样本数=463, 负样本数=972
成功计算评估指标: AUROC=0.8867, AUPRC=0.8085
当前学习率: 0.000003
Epoch 54/100 - 训练损失: 0.1555 - 验证AUROC: 0.8867 - 验证AUPRC: 0.8085
批次 0: 正样本 23, 负样本 25
批次 100: 正样本 28, 负样本 20
批次 200: 正样本 29, 负样本 19
本轮训练: 正样本 80 (55.56%), 负样本 64 (44.44%)
验证数据集大小: 30 批次
开始进行val评估...
处理批次 0/30, 累计样本数: 48, 批次损失: 1.3759
处理批次 1/30, 累计样本数: 96, 批次损失: 2.0407
处理批次 2/30, 累计样本数: 144, 批次损失: 1.8893
处理批次 3/30, 累计样本数: 192, 批次损失: 1.9102
处理批次 4/30, 累计样本数: 240, 批次损失: 1.1613
测试完成: 处理了 30/30 批次, 1435 个样本
错误批次数: 0
预测标签统计: 正样本数=463, 负样本数=972
成功计算评估指标: AUROC=0.8868, AUPRC=0.8122
当前学习率: 0.000003
Epoch 55/100 - 训练损失: 0.1586 - 验证AUROC: 0.8868 - 验证AUPRC: 0.8122
批次 0: 正样本 24, 负样本 24
批次 100: 正样本 23, 负样本 25
批次 200: 正样本 26, 负样本 22
本轮训练: 正样本 73 (50.69%), 负样本 71 (49.31%)
验证数据集大小: 30 批次
开始进行val评估...
处理批次 0/30, 累计样本数: 48, 批次损失: 1.2759
处理批次 1/30, 累计样本数: 96, 批次损失: 1.7393
处理批次 2/30, 累计样本数: 144, 批次损失: 1.4255
处理批次 3/30, 累计样本数: 192, 批次损失: 1.7379
处理批次 4/30, 累计样本数: 240, 批次损失: 1.1207
测试完成: 处理了 30/30 批次, 1435 个样本
错误批次数: 0
预测标签统计: 正样本数=463, 负样本数=972
成功计算评估指标: AUROC=0.8912, AUPRC=0.8155
Epoch 00056: reducing learning rate of group 0 to 1.5625e-06.
当前学习率: 0.000002
Epoch 56/100 - 训练损失: 0.1665 - 验证AUROC: 0.8912 - 验证AUPRC: 0.8155
批次 0: 正样本 28, 负样本 20
批次 100: 正样本 22, 负样本 26
批次 200: 正样本 24, 负样本 24
本轮训练: 正样本 74 (51.39%), 负样本 70 (48.61%)
验证数据集大小: 30 批次
开始进行val评估...
处理批次 0/30, 累计样本数: 48, 批次损失: 1.3385
处理批次 1/30, 累计样本数: 96, 批次损失: 1.9715
处理批次 2/30, 累计样本数: 144, 批次损失: 1.4127
处理批次 3/30, 累计样本数: 192, 批次损失: 1.8923
处理批次 4/30, 累计样本数: 240, 批次损失: 1.1589
测试完成: 处理了 30/30 批次, 1435 个样本
错误批次数: 0
预测标签统计: 正样本数=463, 负样本数=972
成功计算评估指标: AUROC=0.8911, AUPRC=0.8169
当前学习率: 0.000002
Epoch 57/100 - 训练损失: 0.1575 - 验证AUROC: 0.8911 - 验证AUPRC: 0.8169
批次 0: 正样本 31, 负样本 17
批次 100: 正样本 22, 负样本 26
批次 200: 正样本 26, 负样本 22
本轮训练: 正样本 79 (54.86%), 负样本 65 (45.14%)
验证数据集大小: 30 批次
开始进行val评估...
处理批次 0/30, 累计样本数: 48, 批次损失: 1.3073
处理批次 1/30, 累计样本数: 96, 批次损失: 1.9842
处理批次 2/30, 累计样本数: 144, 批次损失: 3.2719
处理批次 3/30, 累计样本数: 192, 批次损失: 1.8745
处理批次 4/30, 累计样本数: 240, 批次损失: 1.1123
测试完成: 处理了 30/30 批次, 1435 个样本
错误批次数: 0
预测标签统计: 正样本数=463, 负样本数=972
成功计算评估指标: AUROC=0.8909, AUPRC=0.8153
当前学习率: 0.000002
早停触发！连续15轮验证集性能未提升
测试数据集大小: 22 批次
成功加载最佳模型状态（来自Epoch 43）
开始进行test评估...
处理批次 0/22, 累计样本数: 48, 批次损失: 1.4828
处理批次 1/22, 累计样本数: 96, 批次损失: 1.0806
处理批次 2/22, 累计样本数: 144, 批次损失: 1.3326
处理批次 3/22, 累计样本数: 192, 批次损失: 3.7106
处理批次 4/22, 累计样本数: 240, 批次损失: 1.8062
测试完成: 处理了 22/22 批次, 1039 个样本
错误批次数: 0
预测标签统计: 正样本数=336, 负样本数=703
成功计算评估指标: AUROC=0.8740, AUPRC=0.7657
最佳阈值: 0.0643, 对应的F1分数: 0.8066
混淆矩阵:
[[499 204]
 [ 43 293]]
详细测试结果: AUROC=0.8740, AUPRC=0.7657, F1=0.8066, 敏感度=0.7098, 特异度=0.8720, 准确率=0.7623, 精确度=0.5895
训练完成！最佳模型来自Epoch 43 - AUROC: 0.8740 - F1: 0.8066
结果已保存到: result/DrugBAN3D_refined_augment_20250608_234608
训练完成时间: 2025年 06月 09日 星期一 03:07:11 CST
=== 训练总结 ===
训练成功完成！
结果保存在: result/DrugBAN3D_refined_augment_20250608_234608
配置文件: result/DrugBAN3D_refined_augment_20250608_234608/config/DrugBAN3D_augmented_20250608_234608.yaml
日志文件: result/DrugBAN3D_refined_augment_20250608_234608/logs/train.log
保存的模型文件:
  result/DrugBAN3D_refined_augment_20250608_234608/best_model.pth
